[2020-05-07 16:52:17 -0700] [9330] [ERROR] Invalid address: ('gorgonzola.cogsci.uci.edu', 20455)
[2020-05-07 16:52:17 -0700] [9330] [ERROR] Retrying in 1 second.
[2020-05-07 16:52:18 -0700] [9330] [ERROR] Invalid address: ('gorgonzola.cogsci.uci.edu', 20455)
[2020-05-07 16:52:18 -0700] [9330] [ERROR] Retrying in 1 second.
[2020-05-07 16:52:19 -0700] [9330] [ERROR] Invalid address: ('gorgonzola.cogsci.uci.edu', 20455)
[2020-05-07 16:52:19 -0700] [9330] [ERROR] Retrying in 1 second.
[2020-05-07 16:52:20 -0700] [9330] [ERROR] Invalid address: ('gorgonzola.cogsci.uci.edu', 20455)
[2020-05-07 16:52:20 -0700] [9330] [ERROR] Retrying in 1 second.
[2020-05-07 16:52:21 -0700] [9330] [ERROR] Invalid address: ('gorgonzola.cogsci.uci.edu', 20455)
[2020-05-07 16:52:21 -0700] [9330] [ERROR] Retrying in 1 second.
[2020-05-07 16:52:22 -0700] [9330] [ERROR] Can't connect to ('gorgonzola.cogsci.uci.edu', 20455)
2020-08-09 15:06:21,180 Scheduler started
2020-08-09 15:06:21,441 Scheduler started
2020-08-09 15:06:21,703 Scheduler started
2020-08-09 15:06:21,731 Looking for jobs to run
2020-08-09 15:06:21,743 No jobs; waiting until a job is added
2020-08-09 15:06:21,820 Looking for jobs to run
2020-08-09 15:06:21,829 No jobs; waiting until a job is added
2020-08-09 15:06:21,832 Scheduler started
2020-08-09 15:06:21,926 Scheduler started
2020-08-09 15:06:21,966 Scheduler started
2020-08-09 15:06:22,044 Looking for jobs to run
2020-08-09 15:06:22,058 No jobs; waiting until a job is added
2020-08-09 15:06:22,111 Scheduler started
2020-08-09 15:06:22,118 Scheduler started
2020-08-09 15:06:22,126 Scheduler started
2020-08-09 15:06:22,156 Looking for jobs to run
2020-08-09 15:06:22,195 No jobs; waiting until a job is added
2020-08-09 15:06:22,222 Looking for jobs to run
2020-08-09 15:06:22,232 No jobs; waiting until a job is added
2020-08-09 15:06:22,343 Looking for jobs to run
2020-08-09 15:06:22,359 No jobs; waiting until a job is added
2020-08-09 15:06:22,459 Looking for jobs to run
2020-08-09 15:06:22,463 Looking for jobs to run
2020-08-09 15:06:22,486 No jobs; waiting until a job is added
2020-08-09 15:06:22,549 No jobs; waiting until a job is added
2020-08-09 15:06:22,578 Looking for jobs to run
2020-08-09 15:06:22,588 No jobs; waiting until a job is added
[2025-05-26 16:18:33 -0700] [75647] [CRITICAL] WORKER TIMEOUT (pid:75651)
[2025-05-26 16:34:32 -0700] [75647] [CRITICAL] WORKER TIMEOUT (pid:75658)
[2025-05-26 16:36:01 -0700] [75647] [CRITICAL] WORKER TIMEOUT (pid:75650)
[2025-05-26 16:36:01 -0700] [75647] [CRITICAL] WORKER TIMEOUT (pid:75653)
[2025-05-26 16:37:01 -0700] [75647] [CRITICAL] WORKER TIMEOUT (pid:75654)
[2025-05-26 16:37:01 -0700] [75647] [CRITICAL] WORKER TIMEOUT (pid:75657)
[2025-05-26 16:38:01 -0700] [75647] [CRITICAL] WORKER TIMEOUT (pid:75655)
[2025-05-26 16:38:01 -0700] [75647] [CRITICAL] WORKER TIMEOUT (pid:75656)
[2025-05-26 16:39:01 -0700] [75647] [CRITICAL] WORKER TIMEOUT (pid:75724)
[2025-05-26 16:39:01 -0700] [75647] [CRITICAL] WORKER TIMEOUT (pid:75728)
[2025-05-26 16:48:15 -0700] [75647] [CRITICAL] WORKER TIMEOUT (pid:75682)
[2025-05-26 16:48:15 -0700] [75647] [CRITICAL] WORKER TIMEOUT (pid:75734)
[2025-05-26 16:48:24 -0700] [75647] [CRITICAL] WORKER TIMEOUT (pid:75733)
[2025-05-26 17:05:50 -0700] [75647] [CRITICAL] WORKER TIMEOUT (pid:75719)
[2025-05-26 17:05:50 -0700] [75647] [CRITICAL] WORKER TIMEOUT (pid:75750)
[2025-05-26 17:07:37 -0700] [75647] [CRITICAL] WORKER TIMEOUT (pid:75735)
[2025-05-26 17:14:49 -0700] [75647] [CRITICAL] WORKER TIMEOUT (pid:75834)
[2025-05-26 17:24:53 -0700] [75647] [CRITICAL] WORKER TIMEOUT (pid:75729)
[2025-05-26 17:26:04 -0700] [75647] [CRITICAL] WORKER TIMEOUT (pid:75865)
[2025-05-26 17:31:09 -0700] [75647] [CRITICAL] WORKER TIMEOUT (pid:75827)
[2025-05-26 17:38:24 -0700] [75647] [CRITICAL] WORKER TIMEOUT (pid:75828)
[2025-05-26 17:43:37 -0700] [75647] [CRITICAL] WORKER TIMEOUT (pid:75902)
[2025-05-26 17:52:12 -0700] [75647] [CRITICAL] WORKER TIMEOUT (pid:75866)
[2025-05-26 17:52:12 -0700] [75647] [CRITICAL] WORKER TIMEOUT (pid:75909)
[2025-05-26 17:52:13 -0700] [75647] [CRITICAL] WORKER TIMEOUT (pid:75850)
[2025-05-26 19:18:22 -0700] [75647] [CRITICAL] WORKER TIMEOUT (pid:75921)
[2025-05-26 19:57:28 -0700] [75647] [CRITICAL] WORKER TIMEOUT (pid:75725)
[2025-05-27 17:40:13 -0700] [77150] [CRITICAL] WORKER TIMEOUT (pid:77157)
[2025-05-27 17:41:15 -0700] [77150] [CRITICAL] WORKER TIMEOUT (pid:77155)
[2025-05-27 17:41:18 -0700] [77150] [CRITICAL] WORKER TIMEOUT (pid:77159)
[2025-05-27 17:42:18 -0700] [77150] [CRITICAL] WORKER TIMEOUT (pid:77158)
[2025-05-27 17:48:07 -0700] [77150] [CRITICAL] WORKER TIMEOUT (pid:77161)
[2025-05-27 17:48:08 -0700] [77150] [CRITICAL] WORKER TIMEOUT (pid:77280)
[2025-05-27 18:06:57 -0700] [77150] [CRITICAL] WORKER TIMEOUT (pid:77275)
[2025-05-27 18:11:38 -0700] [77150] [CRITICAL] WORKER TIMEOUT (pid:77160)
[2025-05-27 18:12:15 -0700] [77150] [CRITICAL] WORKER TIMEOUT (pid:77153)
[2025-05-27 18:12:15 -0700] [77150] [CRITICAL] WORKER TIMEOUT (pid:77289)
[2025-05-27 18:13:16 -0700] [77150] [CRITICAL] WORKER TIMEOUT (pid:77327)
[2025-05-27 18:39:23 -0700] [77150] [CRITICAL] WORKER TIMEOUT (pid:77154)
[2025-05-27 18:39:23 -0700] [77150] [CRITICAL] WORKER TIMEOUT (pid:77278)
[2025-05-27 18:40:25 -0700] [77150] [CRITICAL] WORKER TIMEOUT (pid:77377)
[2025-05-27 19:39:47 -0700] [77150] [CRITICAL] WORKER TIMEOUT (pid:77330)
[2025-05-27 20:09:09 -0700] [77150] [CRITICAL] WORKER TIMEOUT (pid:77156)
[2025-05-27 20:09:09 -0700] [77150] [CRITICAL] WORKER TIMEOUT (pid:77380)
[2025-05-27 20:09:10 -0700] [77150] [CRITICAL] WORKER TIMEOUT (pid:77326)
[2025-05-27 20:09:10 -0700] [77150] [CRITICAL] WORKER TIMEOUT (pid:77457)
[2025-05-27 20:36:14 -0700] [77150] [CRITICAL] WORKER TIMEOUT (pid:77477)
[2025-05-27 20:37:54 -0700] [77150] [CRITICAL] WORKER TIMEOUT (pid:77542)
[2025-05-27 20:38:59 -0700] [77150] [CRITICAL] WORKER TIMEOUT (pid:77476)
[2025-05-27 20:39:56 -0700] [77150] [CRITICAL] WORKER TIMEOUT (pid:77544)
[2025-05-28 02:22:30 -0700] [77150] [CRITICAL] WORKER TIMEOUT (pid:77277)
[2025-05-28 02:22:30 -0700] [77150] [CRITICAL] WORKER TIMEOUT (pid:77324)
[2025-05-28 06:22:09 -0700] [77150] [CRITICAL] WORKER TIMEOUT (pid:77479)
[2025-05-28 10:56:57 -0700] [77150] [CRITICAL] WORKER TIMEOUT (pid:78777)
[2025-05-28 12:05:03 -0700] [77150] [CRITICAL] WORKER TIMEOUT (pid:78776)
[2025-05-28 12:05:03 -0700] [77150] [CRITICAL] WORKER TIMEOUT (pid:79123)
[2025-05-30 10:40:46 -0700] [77150] [CRITICAL] WORKER TIMEOUT (pid:77376)
[2025-05-30 10:40:46 -0700] [77150] [CRITICAL] WORKER TIMEOUT (pid:79158)
[2025-10-30 17:44:03 -0700] [28050] [CRITICAL] WORKER TIMEOUT (pid:28056)
[2025-10-30 17:47:06 -0700] [28050] [CRITICAL] WORKER TIMEOUT (pid:28054)
[2025-10-30 17:48:06 -0700] [28050] [CRITICAL] WORKER TIMEOUT (pid:28060)
[2025-10-31 05:39:40 -0700] [28050] [CRITICAL] WORKER TIMEOUT (pid:28055)
[2025-10-31 08:03:28 -0700] [28050] [CRITICAL] WORKER TIMEOUT (pid:28053)
